2024-10-20 19:17:45.620 [info] Extension host with pid 813628 started
2024-10-20 19:17:45.748 [info] ExtensionService#_doActivateExtension vscode.emmet, startup: false, activationEvent: 'onLanguage'
2024-10-20 19:17:45.910 [info] ExtensionService#_doActivateExtension vscode.git-base, startup: true, activationEvent: '*'
2024-10-20 19:17:45.920 [info] ExtensionService#_doActivateExtension vscode.github, startup: true, activationEvent: '*'
2024-10-20 19:17:45.947 [info] Eager extensions activated
2024-10-20 19:17:45.957 [info] ExtensionService#_doActivateExtension vscode.debug-auto-launch, startup: false, activationEvent: 'onStartupFinished'
2024-10-20 19:17:45.959 [info] ExtensionService#_doActivateExtension vscode.merge-conflict, startup: false, activationEvent: 'onStartupFinished'
2024-10-20 19:17:45.978 [info] ExtensionService#_doActivateExtension vscodevim.vim, startup: false, activationEvent: 'onStartupFinished'
2024-10-20 19:17:47.101 [error] Error: ENOENT: no such file or directory, open '/home/pradhan/.config/Code/User/globalStorage/vscodevim.vim/.registers'
2024-10-20 20:09:47.846 [info] ExtensionService#_doActivateExtension vscode.configuration-editing, startup: false, activationEvent: 'onLanguage:jsonc'
2024-10-20 20:09:47.856 [info] ExtensionService#_doActivateExtension vscode.json-language-features, startup: false, activationEvent: 'onLanguage:jsonc'
2024-10-20 20:09:47.900 [info] ExtensionService#_doActivateExtension vscode.typescript-language-features, startup: false, activationEvent: 'onLanguage:jsonc'
2024-10-20 20:11:55.883 [info] Extension host terminating: renderer closed the MessagePort
2024-10-20 20:11:55.890 [error] TypeError: r.some is not a function
	at d.saveToDisk (/home/pradhan/.vscode/extensions/vscodevim.vim-1.28.1/out/extension.js:2:646151)
	at t.deactivate (/home/pradhan/.vscode/extensions/vscodevim.vim-1.28.1/out/extension.js:2:176792)
	at hB.eb (file:///usr/share/code/resources/app/out/vs/workbench/api/node/extensionHostProcess.js:118:11727)
	at file:///usr/share/code/resources/app/out/vs/workbench/api/node/extensionHostProcess.js:118:9877
	at Array.map (<anonymous>)
	at hB.$ (file:///usr/share/code/resources/app/out/vs/workbench/api/node/extensionHostProcess.js:118:9865)
	at hB.terminate (file:///usr/share/code/resources/app/out/vs/workbench/api/node/extensionHostProcess.js:118:10108)
	at M3.terminate (file:///usr/share/code/resources/app/out/vs/workbench/api/node/extensionHostProcess.js:119:1424)
	at ps (file:///usr/share/code/resources/app/out/vs/workbench/api/node/extensionHostProcess.js:174:15058)
	at MessagePortMain.<anonymous> (file:///usr/share/code/resources/app/out/vs/workbench/api/node/extensionHostProcess.js:174:11603)
	at MessagePortMain.emit (node:events:519:28)
	at MessagePortMain._internalPort.emit (node:electron/js2c/utility_init:2:2619)
2024-10-20 20:11:55.891 [info] Extension host with pid 813628 exiting with code 0
