2024-10-20 19:17:46.160 [info] Configuration changed
2024-10-20 19:17:46.199 [info] Configuration changed
2024-10-20 19:17:46.245 [info] Configuration changed
2024-10-20 19:17:47.695 [info] Configuration changed
2024-10-20 19:18:12.667 [info] Executing :w
2024-10-20 19:18:17.977 [info] Executing :w
2024-10-20 19:18:25.954 [info] Executing :w
2024-10-20 19:18:37.802 [info] Executing :w
2024-10-20 19:19:21.961 [info] Executing :w
2024-10-20 19:25:16.124 [info] Executing :w
2024-10-20 19:25:40.371 [info] Executing :w
2024-10-20 19:25:46.427 [info] Executing :w
2024-10-20 19:25:47.389 [info] Executing :w
2024-10-20 19:26:31.435 [info] Executing :w
2024-10-20 19:27:32.483 [info] Executing :w
2024-10-20 19:28:13.605 [info] Executing :w
2024-10-20 19:28:43.357 [info] Executing :w
2024-10-20 19:28:57.340 [info] Executing :w
2024-10-20 19:29:22.414 [info] Executing :w
2024-10-20 19:29:33.227 [info] Executing :w
2024-10-20 19:30:27.940 [info] Executing :w
2024-10-20 19:30:33.180 [info] Executing :w
2024-10-20 19:30:44.496 [info] Executing :w
2024-10-20 19:31:25.133 [info] Executing :w
2024-10-20 19:31:38.182 [info] Executing :w
2024-10-20 19:33:02.455 [info] Executing :w
2024-10-20 19:33:22.808 [info] Executing :w
2024-10-20 19:33:46.193 [info] Executing :w
2024-10-20 19:34:06.061 [info] Executing :w
2024-10-20 19:34:28.104 [info] Executing :w
2024-10-20 19:34:38.775 [info] Executing :w
2024-10-20 19:34:56.992 [info] Executing :w
2024-10-20 19:35:01.718 [info] Executing :w
2024-10-20 19:35:18.832 [info] Executing :w
2024-10-20 19:35:26.729 [info] Executing :w
2024-10-20 19:35:40.846 [info] Executing :w
2024-10-20 19:35:59.080 [info] Executing :w
2024-10-20 19:37:24.440 [info] Executing :w
2024-10-20 19:39:37.489 [info] Executing :w
2024-10-20 19:39:55.880 [info] Executing :w
2024-10-20 19:40:01.223 [info] Executing :w
2024-10-20 19:40:02.641 [info] Executing :w
2024-10-20 19:45:00.276 [info] Executing :w
2024-10-20 19:45:06.298 [info] Executing :w
2024-10-20 19:45:18.171 [info] Executing :w
2024-10-20 19:45:30.028 [info] Executing :w
2024-10-20 19:45:33.851 [info] Searching for formatter
2024-10-20 19:45:52.210 [info] Executing :w
2024-10-20 20:09:47.816 [info] Active editor: vscode-userdata:/home/pradhan/.config/Code/User/settings.json
2024-10-20 20:09:50.228 [info] /home/pradhan/dotfiles/.config/fish/config.fish closed
2024-10-20 20:10:08.025 [info] Executing :w
2024-10-20 20:10:08.292 [info] Configuration changed
2024-10-20 20:10:21.915 [info] /home/pradhan/.config/Code/User/settings.json closed
2024-10-20 20:10:32.599 [info] Active editor: vscode-userdata:/home/pradhan/.config/Code/User/settings.json
2024-10-20 20:10:51.840 [info] Executing :w
2024-10-20 20:10:52.200 [info] Configuration changed
2024-10-20 20:11:19.330 [info] Executing :w
2024-10-20 20:11:48.080 [info] Executing :w
2024-10-20 20:11:48.441 [info] Configuration changed
